  Determining projects to restore...
  All projects are up-to-date for restore.
  SmartParkingLot.Domain -> C:\Users\Fenish\Downloads\final_best_proj\SmartParkingLot.Domain\bin\Debug\net8.0\SmartParkingLot.Domain.dll
  SmartParkingLot.Infrastructure -> C:\Users\Fenish\Downloads\final_best_proj\SmartParkingLot.Infrastructure\bin\Debug\net8.0\SmartParkingLot.Infrastructure.dll
  SmartParkingLot.Devices -> C:\Users\Fenish\Downloads\final_best_proj\SmartParkingLot.Devices\bin\Debug\net8.0\SmartParkingLot.Devices.dll
  SmartParkingLot.Application -> C:\Users\Fenish\Downloads\final_best_proj\SmartParkingLot.Application\bin\Debug\net8.0\SmartParkingLot.Application.dll
C:\Users\Fenish\Downloads\final_best_proj\SmartParkingLot.Web\Pages\Admin\Dashboard.razor(322,7): error RZ1006: The code block is missing a closing "}" character.  Make sure you have a matching "}" character for all the "{" characters within this block, and that none of the "}" characters are being interpreted as markup. [C:\Users\Fenish\Downloads\final_best_proj\SmartParkingLot.Web\SmartParkingLot.Web.csproj]
C:\Users\Fenish\Downloads\final_best_proj\SmartParkingLot.Web\Pages\Admin\Dashboard.razor(515,1): error RZ9981: Unexpected closing tag 'style' with no matching start tag. [C:\Users\Fenish\Downloads\final_best_proj\SmartParkingLot.Web\SmartParkingLot.Web.csproj]
C:\Users\Fenish\Downloads\final_best_proj\SmartParkingLot.Web\Pages\Admin\Dashboard.razor(515,3): error RZ1026: Encountered end tag "style" with no matching start tag.  Are your start/end tags properly balanced? [C:\Users\Fenish\Downloads\final_best_proj\SmartParkingLot.Web\SmartParkingLot.Web.csproj]
C:\Users\Fenish\Downloads\final_best_proj\SmartParkingLot.Web\Pages\Admin\Dashboard.razor(361,6): error CS8802: Only one compilation unit can have top-level statements. [C:\Users\Fenish\Downloads\final_best_proj\SmartParkingLot.Web\SmartParkingLot.Web.csproj]
C:\Users\Fenish\Downloads\final_best_proj\SmartParkingLot.Web\Pages\Admin\Dashboard.razor(538,35): error CS0116: A namespace cannot directly contain members such as fields, methods or statements [C:\Users\Fenish\Downloads\final_best_proj\SmartParkingLot.Web\SmartParkingLot.Web.csproj]
C:\Users\Fenish\Downloads\final_best_proj\SmartParkingLot.Web\Pages\Admin\Dashboard.razor(10,27): error CS0116: A namespace cannot directly contain members such as fields, methods or statements [C:\Users\Fenish\Downloads\final_best_proj\SmartParkingLot.Web\SmartParkingLot.Web.csproj]
C:\Users\Fenish\Downloads\final_best_proj\SmartParkingLot.Web\Pages\Admin\Dashboard.razor(9,32): error CS0116: A namespace cannot directly contain members such as fields, methods or statements [C:\Users\Fenish\Downloads\final_best_proj\SmartParkingLot.Web\SmartParkingLot.Web.csproj]
C:\Users\Fenish\Downloads\final_best_proj\SmartParkingLot.Web\Pages\Admin\Dashboard.razor(10,9): error CS0246: The type or namespace name 'NavigationManager' could not be found (are you missing a using directive or an assembly reference?) [C:\Users\Fenish\Downloads\final_best_proj\SmartParkingLot.Web\SmartParkingLot.Web.csproj]
C:\Users\Fenish\Downloads\final_best_proj\SmartParkingLot.Web\Pages\Admin\Dashboard.razor(9,9): error CS0246: The type or namespace name 'IAuthenticationService' could not be found (are you missing a using directive or an assembly reference?) [C:\Users\Fenish\Downloads\final_best_proj\SmartParkingLot.Web\SmartParkingLot.Web.csproj]
C:\Users\Fenish\Downloads\final_best_proj\SmartParkingLot.Web\Pages\Admin\Dashboard.razor(8,9): error CS0246: The type or namespace name 'DashboardViewModel' could not be found (are you missing a using directive or an assembly reference?) [C:\Users\Fenish\Downloads\final_best_proj\SmartParkingLot.Web\SmartParkingLot.Web.csproj]
C:\Users\Fenish\Downloads\final_best_proj\SmartParkingLot.Web\Pages\Admin\Dashboard.razor(538,35): error CS0115: '<invalid-global-code>.OnInitializedAsync()': no suitable method found to override [C:\Users\Fenish\Downloads\final_best_proj\SmartParkingLot.Web\SmartParkingLot.Web.csproj]
C:\Users\Fenish\Downloads\final_best_proj\SmartParkingLot.Web\Pages\Admin\Dashboard.razor(351,21): error CS1520: Method must have a return type [C:\Users\Fenish\Downloads\final_best_proj\SmartParkingLot.Web\SmartParkingLot.Web.csproj]
C:\Users\Fenish\Downloads\final_best_proj\SmartParkingLot.Web\Pages\Admin\Dashboard.razor(351,21): error CS0501: '<invalid-global-code>.<invalid-global-code>(primary)' must declare a body because it is not marked abstract, extern, or partial [C:\Users\Fenish\Downloads\final_best_proj\SmartParkingLot.Web\SmartParkingLot.Web.csproj]
C:\Users\Fenish\Downloads\final_best_proj\SmartParkingLot.Web\Pages\Admin\Dashboard.razor(11,13): error CS0535: 'Dashboard' does not implement interface member 'IDisposable.Dispose()' [C:\Users\Fenish\Downloads\final_best_proj\SmartParkingLot.Web\SmartParkingLot.Web.csproj]
C:\Users\Fenish\Downloads\final_best_proj\SmartParkingLot.Web\Pages\Admin\Dashboard.razor(358,36): error CS0246: The type or namespace name 'primary' could not be found (are you missing a using directive or an assembly reference?) [C:\Users\Fenish\Downloads\final_best_proj\SmartParkingLot.Web\SmartParkingLot.Web.csproj]
C:\Users\Fenish\Downloads\final_best_proj\SmartParkingLot.Web\Pages\Admin\Dashboard.razor(358,44): error CS0246: The type or namespace name 'glow' could not be found (are you missing a using directive or an assembly reference?) [C:\Users\Fenish\Downloads\final_best_proj\SmartParkingLot.Web\SmartParkingLot.Web.csproj]
C:\Users\Fenish\Downloads\final_best_proj\SmartParkingLot.Web\Pages\Admin\Dashboard.razor(358,27): error CS0246: The type or namespace name 'px' could not be found (are you missing a using directive or an assembly reference?) [C:\Users\Fenish\Downloads\final_best_proj\SmartParkingLot.Web\SmartParkingLot.Web.csproj]
C:\Users\Fenish\Downloads\final_best_proj\SmartParkingLot.Web\Pages\Admin\Dashboard.razor(358,30): error CS0501: '<invalid-global-code>.var(primary, glow)' must declare a body because it is not marked abstract, extern, or partial [C:\Users\Fenish\Downloads\final_best_proj\SmartParkingLot.Web\SmartParkingLot.Web.csproj]
C:\Users\Fenish\Downloads\final_best_proj\SmartParkingLot.Web\Pages\Admin\Dashboard.razor(351,27): error CS0246: The type or namespace name 'primary' could not be found (are you missing a using directive or an assembly reference?) [C:\Users\Fenish\Downloads\final_best_proj\SmartParkingLot.Web\SmartParkingLot.Web.csproj]

Build FAILED.

C:\Users\Fenish\Downloads\final_best_proj\SmartParkingLot.Web\Pages\Admin\Dashboard.razor(322,7): error RZ1006: The code block is missing a closing "}" character.  Make sure you have a matching "}" character for all the "{" characters within this block, and that none of the "}" characters are being interpreted as markup. [C:\Users\Fenish\Downloads\final_best_proj\SmartParkingLot.Web\SmartParkingLot.Web.csproj]
C:\Users\Fenish\Downloads\final_best_proj\SmartParkingLot.Web\Pages\Admin\Dashboard.razor(515,1): error RZ9981: Unexpected closing tag 'style' with no matching start tag. [C:\Users\Fenish\Downloads\final_best_proj\SmartParkingLot.Web\SmartParkingLot.Web.csproj]
C:\Users\Fenish\Downloads\final_best_proj\SmartParkingLot.Web\Pages\Admin\Dashboard.razor(515,3): error RZ1026: Encountered end tag "style" with no matching start tag.  Are your start/end tags properly balanced? [C:\Users\Fenish\Downloads\final_best_proj\SmartParkingLot.Web\SmartParkingLot.Web.csproj]
C:\Users\Fenish\Downloads\final_best_proj\SmartParkingLot.Web\Pages\Admin\Dashboard.razor(361,6): error CS8802: Only one compilation unit can have top-level statements. [C:\Users\Fenish\Downloads\final_best_proj\SmartParkingLot.Web\SmartParkingLot.Web.csproj]
C:\Users\Fenish\Downloads\final_best_proj\SmartParkingLot.Web\Pages\Admin\Dashboard.razor(538,35): error CS0116: A namespace cannot directly contain members such as fields, methods or statements [C:\Users\Fenish\Downloads\final_best_proj\SmartParkingLot.Web\SmartParkingLot.Web.csproj]
C:\Users\Fenish\Downloads\final_best_proj\SmartParkingLot.Web\Pages\Admin\Dashboard.razor(10,27): error CS0116: A namespace cannot directly contain members such as fields, methods or statements [C:\Users\Fenish\Downloads\final_best_proj\SmartParkingLot.Web\SmartParkingLot.Web.csproj]
C:\Users\Fenish\Downloads\final_best_proj\SmartParkingLot.Web\Pages\Admin\Dashboard.razor(9,32): error CS0116: A namespace cannot directly contain members such as fields, methods or statements [C:\Users\Fenish\Downloads\final_best_proj\SmartParkingLot.Web\SmartParkingLot.Web.csproj]
C:\Users\Fenish\Downloads\final_best_proj\SmartParkingLot.Web\Pages\Admin\Dashboard.razor(10,9): error CS0246: The type or namespace name 'NavigationManager' could not be found (are you missing a using directive or an assembly reference?) [C:\Users\Fenish\Downloads\final_best_proj\SmartParkingLot.Web\SmartParkingLot.Web.csproj]
C:\Users\Fenish\Downloads\final_best_proj\SmartParkingLot.Web\Pages\Admin\Dashboard.razor(9,9): error CS0246: The type or namespace name 'IAuthenticationService' could not be found (are you missing a using directive or an assembly reference?) [C:\Users\Fenish\Downloads\final_best_proj\SmartParkingLot.Web\SmartParkingLot.Web.csproj]
C:\Users\Fenish\Downloads\final_best_proj\SmartParkingLot.Web\Pages\Admin\Dashboard.razor(8,9): error CS0246: The type or namespace name 'DashboardViewModel' could not be found (are you missing a using directive or an assembly reference?) [C:\Users\Fenish\Downloads\final_best_proj\SmartParkingLot.Web\SmartParkingLot.Web.csproj]
C:\Users\Fenish\Downloads\final_best_proj\SmartParkingLot.Web\Pages\Admin\Dashboard.razor(538,35): error CS0115: '<invalid-global-code>.OnInitializedAsync()': no suitable method found to override [C:\Users\Fenish\Downloads\final_best_proj\SmartParkingLot.Web\SmartParkingLot.Web.csproj]
C:\Users\Fenish\Downloads\final_best_proj\SmartParkingLot.Web\Pages\Admin\Dashboard.razor(351,21): error CS1520: Method must have a return type [C:\Users\Fenish\Downloads\final_best_proj\SmartParkingLot.Web\SmartParkingLot.Web.csproj]
C:\Users\Fenish\Downloads\final_best_proj\SmartParkingLot.Web\Pages\Admin\Dashboard.razor(351,21): error CS0501: '<invalid-global-code>.<invalid-global-code>(primary)' must declare a body because it is not marked abstract, extern, or partial [C:\Users\Fenish\Downloads\final_best_proj\SmartParkingLot.Web\SmartParkingLot.Web.csproj]
C:\Users\Fenish\Downloads\final_best_proj\SmartParkingLot.Web\Pages\Admin\Dashboard.razor(11,13): error CS0535: 'Dashboard' does not implement interface member 'IDisposable.Dispose()' [C:\Users\Fenish\Downloads\final_best_proj\SmartParkingLot.Web\SmartParkingLot.Web.csproj]
C:\Users\Fenish\Downloads\final_best_proj\SmartParkingLot.Web\Pages\Admin\Dashboard.razor(358,36): error CS0246: The type or namespace name 'primary' could not be found (are you missing a using directive or an assembly reference?) [C:\Users\Fenish\Downloads\final_best_proj\SmartParkingLot.Web\SmartParkingLot.Web.csproj]
C:\Users\Fenish\Downloads\final_best_proj\SmartParkingLot.Web\Pages\Admin\Dashboard.razor(358,44): error CS0246: The type or namespace name 'glow' could not be found (are you missing a using directive or an assembly reference?) [C:\Users\Fenish\Downloads\final_best_proj\SmartParkingLot.Web\SmartParkingLot.Web.csproj]
C:\Users\Fenish\Downloads\final_best_proj\SmartParkingLot.Web\Pages\Admin\Dashboard.razor(358,27): error CS0246: The type or namespace name 'px' could not be found (are you missing a using directive or an assembly reference?) [C:\Users\Fenish\Downloads\final_best_proj\SmartParkingLot.Web\SmartParkingLot.Web.csproj]
C:\Users\Fenish\Downloads\final_best_proj\SmartParkingLot.Web\Pages\Admin\Dashboard.razor(358,30): error CS0501: '<invalid-global-code>.var(primary, glow)' must declare a body because it is not marked abstract, extern, or partial [C:\Users\Fenish\Downloads\final_best_proj\SmartParkingLot.Web\SmartParkingLot.Web.csproj]
C:\Users\Fenish\Downloads\final_best_proj\SmartParkingLot.Web\Pages\Admin\Dashboard.razor(351,27): error CS0246: The type or namespace name 'primary' could not be found (are you missing a using directive or an assembly reference?) [C:\Users\Fenish\Downloads\final_best_proj\SmartParkingLot.Web\SmartParkingLot.Web.csproj]
    0 Warning(s)
    19 Error(s)

Time Elapsed 00:00:01.30

Workload updates are available. Run `dotnet workload list` for more information.
